<?xml version="1.0" encoding="UTF-8"?>
<testng-results ignored="0" total="2" passed="2" failed="0" skipped="0">
  <reporter-output>
  </reporter-output>
  <suite started-at="2023-10-05T07:42:27 IST" name="Suite" finished-at="2023-10-05T07:42:30 IST" duration-ms="3078">
    <groups>
    </groups>
    <test started-at="2023-10-05T07:42:27 IST" name="Test" finished-at="2023-10-05T07:42:30 IST" duration-ms="3078">
      <class name="modules.ApplyLeave">
        <test-method signature="navigateToApplyLeaveModule()[pri:0, instance:modules.ApplyLeave@3e104d4b]" started-at="2023-10-05T07:42:27 IST" name="navigateToApplyLeaveModule" finished-at="2023-10-05T07:42:28 IST" duration-ms="565" status="PASS">
          <reporter-output>
          </reporter-output>
        </test-method> <!-- navigateToApplyLeaveModule -->
      </class> <!-- modules.ApplyLeave -->
      <class name="modules.TimeSheet">
        <test-method signature="clickOnTimeSheet()[pri:0, instance:modules.TimeSheet@5ef6fd7f]" started-at="2023-10-05T07:42:28 IST" name="clickOnTimeSheet" finished-at="2023-10-05T07:42:30 IST" duration-ms="2367" status="PASS">
          <reporter-output>
          </reporter-output>
        </test-method> <!-- clickOnTimeSheet -->
      </class> <!-- modules.TimeSheet -->
    </test> <!-- Test -->
  </suite> <!-- Suite -->
</testng-results>
